

HI-TECH Software PIC LITE Macro Assembler V9.71a build 6446 
                                                                                               Tue Jan 03 08:37:18 2023

HI-TECH Software Omniscient Code Generator (Lite mode) build 6446
     1  0000                     opt subtitle "HI-TECH Software Omniscient Code Generator (Lite mode) build 6446"
     2                           
     3                           opt pagewidth 120
     4                           
     5                           	opt lm
     6                           
     7                           	processor	16F877A
     8                           clrc	macro
     9                           	bcf	3,0
    10  0000                     	endm
    11                           clrz	macro
    12                           	bcf	3,2
    13  0000                     	endm
    14                           setc	macro
    15                           	bsf	3,0
    16  0000                     	endm
    17                           setz	macro
    18                           	bsf	3,2
    19  0000                     	endm
    20                           skipc	macro
    21                           	btfss	3,0
    22  0000                     	endm
    23                           skipz	macro
    24                           	btfss	3,2
    25  0000                     	endm
    26                           skipnc	macro
    27                           	btfsc	3,0
    28  0000                     	endm
    29                           skipnz	macro
    30                           	btfsc	3,2
    31  0000                     	endm
    32  0000                     indf	equ	0
    33  0000                     indf0	equ	0
    34  0002                     pc	equ	2
    35  0002                     pcl	equ	2
    36  0003                     status	equ	3
    37  0004                     fsr	equ	4
    38  0004                     fsr0	equ	4
    39  0001                     c	equ	1
    40  0000                     z	equ	0
    41  000A                     pclath	equ	10
    42                           # 2 "C:\Users\Raghul\OneDrive\Desktop\PIC FILES\led_delay\Led_delay.c"
    43                           	psect config,class=CONFIG,delta=2 ;#
    44                           # 2 "C:\Users\Raghul\OneDrive\Desktop\PIC FILES\led_delay\Led_delay.c"
    45  2007  3F72               	dw 0x3F72 ;#
    46                           	FNROOT	_main
    47                           	global	_PORTD
    48                           psect	maintext,global,class=CODE,delta=2
    49                           global __pmaintext
    50  07DB                     __pmaintext:
    51  0008                     _PORTD	set	8
    52                           	global	_TRISD
    53  0088                     _TRISD	set	136
    54                           	file	"Led_delay.as"
    55                           	line	#
    56                           psect cinit,class=CODE,delta=2
    57                           global start_initialization
    58  07D7                     start_initialization:
    59                           
    60                           psect cinit,class=CODE,delta=2
    61                           global end_of_initialization
    62                           
    63                           ;End of C runtime variable initialization code
    64                           
    65  07D7                     end_of_initialization:
    66  07D7  0183               clrf status
    67  07D8  120A  118A  2FDB   ljmp _main	;jump to C main() function
    68                           psect	cstackCOMMON,class=COMMON,space=1
    69                           global __pcstackCOMMON
    70  0070                     __pcstackCOMMON:
    71                           	global	?_main
    72  0070                     ?_main:	; 0 bytes @ 0x0
    73                           	global	??_main
    74  0070                     ??_main:	; 0 bytes @ 0x0
    75  0070                     	ds	3
    76 ;;Data sizes: Strings 0, constant 0, data 0, bss 0, persistent 0 stack 0
    77 ;;Auto spaces:   Size  Autos    Used
    78 ;; COMMON          14      3       3
    79 ;; BANK0           80      0       0
    80 ;; BANK1           80      0       0
    81 ;; BANK3           96      0       0
    82 ;; BANK2           96      0       0
    83                           
    84 ;;
    85 ;; Pointer list with targets:
    86                           
    87                           
    88                           
    89 ;;
    90 ;; Critical Paths under _main in COMMON
    91 ;;
    92 ;;   None.
    93 ;;
    94 ;; Critical Paths under _main in BANK0
    95 ;;
    96 ;;   None.
    97 ;;
    98 ;; Critical Paths under _main in BANK1
    99 ;;
   100 ;;   None.
   101 ;;
   102 ;; Critical Paths under _main in BANK3
   103 ;;
   104 ;;   None.
   105 ;;
   106 ;; Critical Paths under _main in BANK2
   107 ;;
   108 ;;   None.
   109                           
   110 ;;
   111 ;;Main: autosize = 0, tempsize = 3, incstack = 0, save=0
   112 ;;
   113                           
   114 ;;
   115 ;;Call Graph Tables:
   116 ;;
   117 ;; ---------------------------------------------------------------------------------
   118 ;; (Depth) Function   	        Calls       Base Space   Used Autos Params    Refs
   119 ;; ---------------------------------------------------------------------------------
   120 ;; (0) _main                                                 3     3      0       0
   121 ;;                                              0 COMMON     3     3      0
   122 ;; ---------------------------------------------------------------------------------
   123 ;; Estimated maximum stack depth 0
   124 ;; ---------------------------------------------------------------------------------
   125                           
   126 ;; Call Graph Graphs:
   127                           
   128 ;; _main (ROOT)
   129 ;;
   130                           
   131 ;; Address spaces:
   132                           
   133 ;;Name               Size   Autos  Total    Cost      Usage
   134 ;;BITCOMMON            E      0       0       0        0.0%
   135 ;;EEDATA             100      0       0       0        0.0%
   136 ;;NULL                 0      0       0       0        0.0%
   137 ;;CODE                 0      0       0       0        0.0%
   138 ;;COMMON               E      3       3       1       21.4%
   139 ;;BITSFR0              0      0       0       1        0.0%
   140 ;;SFR0                 0      0       0       1        0.0%
   141 ;;BITSFR1              0      0       0       2        0.0%
   142 ;;SFR1                 0      0       0       2        0.0%
   143 ;;STACK                0      0       0       2        0.0%
   144 ;;ABS                  0      0       0       3        0.0%
   145 ;;BITBANK0            50      0       0       4        0.0%
   146 ;;BITSFR3              0      0       0       4        0.0%
   147 ;;SFR3                 0      0       0       4        0.0%
   148 ;;BANK0               50      0       0       5        0.0%
   149 ;;BITSFR2              0      0       0       5        0.0%
   150 ;;SFR2                 0      0       0       5        0.0%
   151 ;;BITBANK1            50      0       0       6        0.0%
   152 ;;BANK1               50      0       0       7        0.0%
   153 ;;BITBANK3            60      0       0       8        0.0%
   154 ;;BANK3               60      0       0       9        0.0%
   155 ;;BITBANK2            60      0       0      10        0.0%
   156 ;;BANK2               60      0       0      11        0.0%
   157 ;;DATA                 0      0       0      12        0.0%
   158                           
   159                           	global	_main
   160                           psect	maintext
   161                           
   162 ;; *************** function _main *****************
   163 ;; Defined at:
   164 ;;		line 5 in file "C:\Users\Raghul\OneDrive\Desktop\PIC FILES\led_delay\Led_delay.c"
   165 ;; Parameters:    Size  Location     Type
   166 ;;		None
   167 ;; Auto vars:     Size  Location     Type
   168 ;;		None
   169 ;; Return value:  Size  Location     Type
   170 ;;		None               void
   171 ;; Registers used:
   172 ;;		wreg, status,2
   173 ;; Tracked objects:
   174 ;;		On entry : 17F/0
   175 ;;		On exit  : 0/0
   176 ;;		Unchanged: 0/0
   177 ;; Data sizes:     COMMON   BANK0   BANK1   BANK3   BANK2
   178 ;;      Params:         0       0       0       0       0
   179 ;;      Locals:         0       0       0       0       0
   180 ;;      Temps:          3       0       0       0       0
   181 ;;      Totals:         3       0       0       0       0
   182 ;;Total ram usage:        3 bytes
   183 ;; This function calls:
   184 ;;		Nothing
   185 ;; This function is called by:
   186 ;;		Startup code after reset
   187 ;; This function uses a non-reentrant model
   188 ;;
   189                           psect	maintext
   190                           	file	"C:\Users\Raghul\OneDrive\Desktop\PIC FILES\led_delay\Led_delay.c"
   191                           	line	5
   192                           	global	__size_of_main
   193  0025                     	__size_of_main	equ	__end_of_main-_main
   194                           	
   195  07DB                     _main:	
   196                           	opt	stack 8
   197                           ; Regs used in _main: [wreg+status,2]
   198                           	line	6
   199                           	
   200  07DB                     l1716:	
   201                           ;Led_delay.c: 6: TRISD=0x00;
   202  07DB  1683               	bsf	status, 5	;RP0=1, select bank1
   203  07DC  1303               	bcf	status, 6	;RP1=0, select bank1
   204  07DD  0188               	clrf	(136)^080h	;volatile
   205                           	line	7
   206                           	
   207  07DE                     l1718:	
   208                           ;Led_delay.c: 7: PORTD=0xFF;
   209  07DE  30FF               	movlw	(0FFh)
   210  07DF  1283               	bcf	status, 5	;RP0=0, select bank0
   211  07E0  1303               	bcf	status, 6	;RP1=0, select bank0
   212  07E1  0088               	movwf	(8)	;volatile
   213                           	line	8
   214                           	
   215  07E2                     l1720:	
   216                           ;Led_delay.c: 8: _delay((unsigned long)((1000)*(4000000/4000.0)));
   217                           	opt asmopt_off
   218  07E2  3006               movlw  6
   219  07E3  00F2               movwf	((??_main+0)+0+2),f
   220  07E4  300E               movlw	14
   221  07E5  00F1               movwf	((??_main+0)+0+1),f
   222  07E6  30B0               	movlw	176
   223  07E7  00F0               movwf	((??_main+0)+0),f
   224  07E8                     u2147:
   225  07E8  0BF0               	decfsz	((??_main+0)+0),f
   226  07E9  2FE8               	goto	u2147
   227  07EA  0BF1               	decfsz	((??_main+0)+0+1),f
   228  07EB  2FE8               	goto	u2147
   229  07EC  0BF2               	decfsz	((??_main+0)+0+2),f
   230  07ED  2FE8               	goto	u2147
   231                           opt asmopt_on
   232                           
   233                           	line	9
   234                           ;Led_delay.c: 9: PORTD=0x00;
   235  07EE  1283               	bcf	status, 5	;RP0=0, select bank0
   236  07EF  1303               	bcf	status, 6	;RP1=0, select bank0
   237  07F0  0188               	clrf	(8)	;volatile
   238                           	line	10
   239                           	
   240  07F1                     l1722:	
   241                           ;Led_delay.c: 10: _delay((unsigned long)((1000)*(4000000/4000.0)));
   242                           	opt asmopt_off
   243  07F1  3006               movlw  6
   244  07F2  00F2               movwf	((??_main+0)+0+2),f
   245  07F3  300E               movlw	14
   246  07F4  00F1               movwf	((??_main+0)+0+1),f
   247  07F5  30B0               	movlw	176
   248  07F6  00F0               movwf	((??_main+0)+0),f
   249  07F7                     u2157:
   250  07F7  0BF0               	decfsz	((??_main+0)+0),f
   251  07F8  2FF7               	goto	u2157
   252  07F9  0BF1               	decfsz	((??_main+0)+0+1),f
   253  07FA  2FF7               	goto	u2157
   254  07FB  0BF2               	decfsz	((??_main+0)+0+2),f
   255  07FC  2FF7               	goto	u2157
   256                           opt asmopt_on
   257                           
   258                           	line	11
   259                           	
   260  07FD                     l561:	
   261                           	global	start
   262  07FD  120A  118A  2800   	ljmp	start
   263                           	opt stack 0
   264                           GLOBAL	__end_of_main
   265  0800                     	__end_of_main:
   266 ;; =============== function _main ends ============
   267                           
   268                           	signat	_main,88
   269                           psect	maintext
   270                           	global	btemp
   271  007E                     	btemp set 07Eh
   272                           
   273                           	DABS	1,126,2	;btemp
   274                           	global	wtemp0
   275  007E                     	wtemp0 set btemp


HI-TECH Software PICC Macro Assembler V9.71a build 6446 
Symbol Table                                                                                   Tue Jan 03 08:37:18 2023

                 l561 07FD                  l1720 07E2                  l1722 07F1                  l1716 07DB  
                l1718 07DE                  u2147 07E8                  u2157 07F7                  _main 07DB  
                btemp 007E                  start 0000                 ?_main 0070                 _PORTD 0008  
               _TRISD 0088                 status 0003                 wtemp0 007E          __end_of_main 0800  
              ??_main 0070        __pcstackCOMMON 0070            __pmaintext 07DB  end_of_initialization 07D7  
 start_initialization 07D7         __size_of_main 0025  
